This file contains any messages produced by compilers while
running configure, to aid debugging if configure makes a mistake.

It was created by safefree configure 1.0, which was
generated by GNU Autoconf 2.69.  Invocation command line was

  $ ./configure 

## --------- ##
## Platform. ##
## --------- ##

hostname = fujitsu
uname -m = amd64
uname -r = 13.0-RELEASE-p6
uname -s = FreeBSD
uname -v = FreeBSD 13.0-RELEASE-p6 #0: Mon Jan 10 06:28:50 UTC 2022     root@amd64-builder.daemonology.net:/usr/obj/usr/src/amd64.amd64/sys/GENERIC 

/usr/bin/uname -p = amd64
/bin/uname -X     = unknown

/bin/arch              = unknown
/usr/bin/arch -k       = unknown
/usr/convex/getsysinfo = unknown
/usr/bin/hostinfo      = unknown
/bin/machine           = unknown
/usr/bin/oslevel       = unknown
/bin/universe          = unknown

PATH: /sbin
PATH: /bin
PATH: /usr/sbin
PATH: /usr/bin
PATH: /usr/games
PATH: /usr/local/sbin
PATH: /usr/local/bin
PATH: /home/system/bin
PATH: /usr/npm-global/bin


## ----------- ##
## Core tests. ##
## ----------- ##

configure:2275: checking for cc
configure:2291: found /usr/bin/cc
configure:2302: result: cc
configure:2333: checking for C compiler version
configure:2342: cc --version >&5
FreeBSD clang version 11.0.1 (git@github.com:llvm/llvm-project.git llvmorg-11.0.1-0-g43ff75f2c3fe)
Target: x86_64-unknown-freebsd13.0
Thread model: posix
InstalledDir: /usr/bin
configure:2353: $? = 0
configure:2342: cc -v >&5
FreeBSD clang version 11.0.1 (git@github.com:llvm/llvm-project.git llvmorg-11.0.1-0-g43ff75f2c3fe)
Target: x86_64-unknown-freebsd13.0
Thread model: posix
InstalledDir: /usr/bin
configure:2353: $? = 0
configure:2342: cc -V >&5
cc: error: argument to '-V' is missing (expected 1 value)
cc: error: no input files
configure:2353: $? = 1
configure:2342: cc -qversion >&5
cc: error: unknown argument '-qversion'; did you mean '--version'?
cc: error: no input files
configure:2353: $? = 1
configure:2373: checking whether the C compiler works
configure:2395: cc    conftest.c  >&5
configure:2399: $? = 0
configure:2447: result: yes
configure:2450: checking for C compiler default output file name
configure:2452: result: a.out
configure:2458: checking for suffix of executables
configure:2465: cc -o conftest    conftest.c  >&5
configure:2469: $? = 0
configure:2491: result: 
configure:2513: checking whether we are cross compiling
configure:2521: cc -o conftest    conftest.c  >&5
configure:2525: $? = 0
configure:2532: ./conftest
configure:2536: $? = 0
configure:2551: result: no
configure:2556: checking for suffix of object files
configure:2578: cc -c   conftest.c >&5
configure:2582: $? = 0
configure:2603: result: o
configure:2607: checking whether we are using the GNU C compiler
configure:2626: cc -c   conftest.c >&5
configure:2626: $? = 0
configure:2635: result: yes
configure:2644: checking whether cc accepts -g
configure:2664: cc -c -g  conftest.c >&5
configure:2664: $? = 0
configure:2705: result: yes
configure:2722: checking for cc option to accept ISO C89
configure:2785: cc  -c -g -O2  conftest.c >&5
configure:2785: $? = 0
configure:2798: result: none needed
configure:2855: checking whether cc understands -c and -o together
configure:2877: cc -c conftest.c -o conftest2.o
configure:2880: $? = 0
configure:2877: cc -c conftest.c -o conftest2.o
configure:2880: $? = 0
configure:2892: result: yes
configure:2909: checking for cc option to accept ISO C99
configure:3058: cc  -c -g -O2  conftest.c >&5
configure:3058: $? = 0
configure:3071: result: none needed
configure:3090: checking whether cc understands -c and -o together
configure:3118: cc -c conftest.c -o conftest2.o >&5
configure:3122: $? = 0
configure:3128: cc -c conftest.c -o conftest2.o >&5
configure:3132: $? = 0
configure:3187: result: yes
configure:3227: checking build system type
configure:3241: result: amd64-unknown-freebsd13.0
configure:3261: checking host system type
configure:3274: result: amd64-unknown-freebsd13.0
configure:3315: checking how to print strings
configure:3342: result: printf
configure:3363: checking for a sed that does not truncate output
configure:3427: result: /usr/local/bin/gsed
configure:3445: checking for grep that handles long lines and -e
configure:3503: result: /usr/bin/grep
configure:3508: checking for egrep
configure:3570: result: /usr/bin/grep -E
configure:3575: checking for fgrep
configure:3637: result: /usr/bin/grep -F
configure:3672: checking for ld used by cc
configure:3739: result: /usr/bin/ld
configure:3746: checking if the linker (/usr/bin/ld) is GNU ld
configure:3761: result: yes
configure:3773: checking for BSD- or MS-compatible name lister (nm)
configure:3827: result: /usr/local/bin/nm -B
configure:3957: checking the name lister (/usr/local/bin/nm -B) interface
configure:3964: cc -c -g -O2  conftest.c >&5
configure:3967: /usr/local/bin/nm -B "conftest.o"
configure:3970: output
0000000000000000 B some_variable
configure:3977: result: BSD nm
configure:3980: checking whether ln -s works
configure:3984: result: yes
configure:3992: checking the maximum length of command line arguments
configure:4123: result: 393216
configure:4171: checking how to convert amd64-unknown-freebsd13.0 file names to amd64-unknown-freebsd13.0 format
configure:4211: result: func_convert_file_noop
configure:4218: checking how to convert amd64-unknown-freebsd13.0 file names to toolchain format
configure:4238: result: func_convert_file_noop
configure:4245: checking for /usr/bin/ld option to reload object files
configure:4252: result: -r
configure:4326: checking for objdump
configure:4342: found /usr/local/bin/objdump
configure:4353: result: objdump
configure:4385: checking how to recognize dependent libraries
configure:4585: result: pass_all
configure:4670: checking for dlltool
configure:4700: result: no
configure:4730: checking how to associate runtime and link libraries
configure:4757: result: printf %s\n
configure:4818: checking for ar
configure:4834: found /usr/bin/ar
configure:4845: result: ar
configure:4882: checking for archiver @FILE support
configure:4899: cc -c -g -O2  conftest.c >&5
configure:4899: $? = 0
configure:4902: ar cru libconftest.a @conftest.lst >&5
ar: warning: can't open file: @conftest.lst: No such file or directory
configure:4905: $? = 0
configure:4910: ar cru libconftest.a @conftest.lst >&5
ar: warning: can't open file: @conftest.lst: No such file or directory
configure:4913: $? = 0
configure:4925: result: no
configure:4983: checking for strip
configure:4999: found /usr/bin/strip
configure:5010: result: strip
configure:5082: checking for ranlib
configure:5098: found /usr/bin/ranlib
configure:5109: result: ranlib
configure:5186: checking for gawk
configure:5216: result: no
configure:5186: checking for mawk
configure:5216: result: no
configure:5186: checking for nawk
configure:5202: found /usr/bin/nawk
configure:5213: result: nawk
configure:5253: checking command to parse /usr/local/bin/nm -B output from cc object
configure:5406: cc -c -g -O2  conftest.c >&5
configure:5409: $? = 0
configure:5413: /usr/local/bin/nm -B conftest.o \| sed -n -e 's/^.*[ ]\([ABCDGIRSTW][ABCDGIRSTW]*\)[ ][ ]*\([_A-Za-z][_A-Za-z0-9]*\)$/\1 \2 \2/p' | sed '/ __gnu_lto/d' \> conftest.nm
configure:5416: $? = 0
configure:5482: cc -o conftest -g -O2   conftest.c conftstm.o >&5
configure:5485: $? = 0
configure:5523: result: ok
configure:5570: checking for sysroot
configure:5600: result: no
configure:5607: checking for a working dd
configure:5645: result: /bin/dd
configure:5649: checking how to truncate binary pipes
configure:5664: result: /bin/dd bs=4096 count=1
configure:5993: checking for mt
configure:6009: found /usr/bin/mt
configure:6020: result: mt
configure:6043: checking if mt is a manifest tool
configure:6049: mt '-?'
mt: illegal option -- ?
usage: mt [-f device] command [count]
configure:6057: result: no
configure:6734: checking how to run the C preprocessor
configure:6765: cc -E  conftest.c
configure:6765: $? = 0
configure:6779: cc -E  conftest.c
conftest.c:9:10: fatal error: 'ac_nonexistent.h' file not found
#include <ac_nonexistent.h>
         ^~~~~~~~~~~~~~~~~~
1 error generated.
configure:6779: $? = 1
configure: failed program was:
| /* confdefs.h */
| #define PACKAGE_NAME "safefree"
| #define PACKAGE_TARNAME "safefree"
| #define PACKAGE_VERSION "1.0"
| #define PACKAGE_STRING "safefree 1.0"
| #define PACKAGE_BUGREPORT "gabor.zelenak@me.com"
| #define PACKAGE_URL ""
| /* end confdefs.h.  */
| #include <ac_nonexistent.h>
configure:6804: result: cc -E
configure:6824: cc -E  conftest.c
configure:6824: $? = 0
configure:6838: cc -E  conftest.c
conftest.c:9:10: fatal error: 'ac_nonexistent.h' file not found
#include <ac_nonexistent.h>
         ^~~~~~~~~~~~~~~~~~
1 error generated.
configure:6838: $? = 1
configure: failed program was:
| /* confdefs.h */
| #define PACKAGE_NAME "safefree"
| #define PACKAGE_TARNAME "safefree"
| #define PACKAGE_VERSION "1.0"
| #define PACKAGE_STRING "safefree 1.0"
| #define PACKAGE_BUGREPORT "gabor.zelenak@me.com"
| #define PACKAGE_URL ""
| /* end confdefs.h.  */
| #include <ac_nonexistent.h>
configure:6867: checking for ANSI C header files
configure:6887: cc -c -g -O2  conftest.c >&5
configure:6887: $? = 0
configure:6960: cc -o conftest -g -O2   conftest.c  >&5
configure:6960: $? = 0
configure:6960: ./conftest
configure:6960: $? = 0
configure:6971: result: yes
configure:6984: checking for sys/types.h
configure:6984: cc -c -g -O2  conftest.c >&5
configure:6984: $? = 0
configure:6984: result: yes
configure:6984: checking for sys/stat.h
configure:6984: cc -c -g -O2  conftest.c >&5
configure:6984: $? = 0
configure:6984: result: yes
configure:6984: checking for stdlib.h
configure:6984: cc -c -g -O2  conftest.c >&5
configure:6984: $? = 0
configure:6984: result: yes
configure:6984: checking for string.h
configure:6984: cc -c -g -O2  conftest.c >&5
configure:6984: $? = 0
configure:6984: result: yes
configure:6984: checking for memory.h
configure:6984: cc -c -g -O2  conftest.c >&5
configure:6984: $? = 0
configure:6984: result: yes
configure:6984: checking for strings.h
configure:6984: cc -c -g -O2  conftest.c >&5
configure:6984: $? = 0
configure:6984: result: yes
configure:6984: checking for inttypes.h
configure:6984: cc -c -g -O2  conftest.c >&5
configure:6984: $? = 0
configure:6984: result: yes
configure:6984: checking for stdint.h
configure:6984: cc -c -g -O2  conftest.c >&5
configure:6984: $? = 0
configure:6984: result: yes
configure:6984: checking for unistd.h
configure:6984: cc -c -g -O2  conftest.c >&5
configure:6984: $? = 0
configure:6984: result: yes
configure:6998: checking for dlfcn.h
configure:6998: cc -c -g -O2  conftest.c >&5
configure:6998: $? = 0
configure:6998: result: yes
configure:7253: checking for objdir
configure:7268: result: .libs
configure:7528: checking if cc supports -fno-rtti -fno-exceptions
configure:7546: cc -c -g -O2  -fno-rtti -fno-exceptions conftest.c >&5
configure:7550: $? = 0
configure:7563: result: yes
configure:7921: checking for cc option to produce PIC
configure:7928: result: -fPIC -DPIC
configure:7936: checking if cc PIC flag -fPIC -DPIC works
configure:7954: cc -c -g -O2  -fPIC -DPIC -DPIC conftest.c >&5
configure:7958: $? = 0
configure:7971: result: yes
configure:8000: checking if cc static flag -static works
configure:8028: result: yes
configure:8043: checking if cc supports -c -o file.o
configure:8064: cc -c -g -O2  -o out/conftest2.o conftest.c >&5
configure:8068: $? = 0
configure:8090: result: yes
configure:8098: checking if cc supports -c -o file.o
configure:8145: result: yes
configure:8178: checking whether the cc linker (/usr/bin/ld) supports shared libraries
configure:9437: result: yes
configure:9474: checking whether -lc should be explicitly linked in
configure:9482: cc -c -g -O2  conftest.c >&5
configure:9485: $? = 0
configure:9500: cc -shared  -fPIC -DPIC conftest.o  -v -Wl,-soname -Wl,conftest -o conftest 2\>\&1 \| /usr/bin/grep  -lc  \>/dev/null 2\>\&1
configure:9503: $? = 0
configure:9517: result: no
configure:9677: checking dynamic linker characteristics
configure:10495: result: freebsd13.0 ld.so
configure:10617: checking how to hardcode library paths into programs
configure:10642: result: immediate
configure:10744: checking for shl_load
configure:10744: cc -o conftest -g -O2   conftest.c  >&5
ld: error: undefined symbol: shl_load
>>> referenced by conftest.c:55
>>>               /tmp/conftest-6adbc6.o:(main)
cc: error: linker command failed with exit code 1 (use -v to see invocation)
configure:10744: $? = 1
configure: failed program was:
| /* confdefs.h */
| #define PACKAGE_NAME "safefree"
| #define PACKAGE_TARNAME "safefree"
| #define PACKAGE_VERSION "1.0"
| #define PACKAGE_STRING "safefree 1.0"
| #define PACKAGE_BUGREPORT "gabor.zelenak@me.com"
| #define PACKAGE_URL ""
| #define STDC_HEADERS 1
| #define HAVE_SYS_TYPES_H 1
| #define HAVE_SYS_STAT_H 1
| #define HAVE_STDLIB_H 1
| #define HAVE_STRING_H 1
| #define HAVE_MEMORY_H 1
| #define HAVE_STRINGS_H 1
| #define HAVE_INTTYPES_H 1
| #define HAVE_STDINT_H 1
| #define HAVE_UNISTD_H 1
| #define HAVE_DLFCN_H 1
| #define LT_OBJDIR ".libs/"
| /* end confdefs.h.  */
| /* Define shl_load to an innocuous variant, in case <limits.h> declares shl_load.
|    For example, HP-UX 11i <limits.h> declares gettimeofday.  */
| #define shl_load innocuous_shl_load
| 
| /* System header to define __stub macros and hopefully few prototypes,
|     which can conflict with char shl_load (); below.
|     Prefer <limits.h> to <assert.h> if __STDC__ is defined, since
|     <limits.h> exists even on freestanding compilers.  */
| 
| #ifdef __STDC__
| # include <limits.h>
| #else
| # include <assert.h>
| #endif
| 
| #undef shl_load
| 
| /* Override any GCC internal prototype to avoid an error.
|    Use char because int might match the return type of a GCC
|    builtin and then its argument prototype would still apply.  */
| #ifdef __cplusplus
| extern "C"
| #endif
| char shl_load ();
| /* The GNU C library defines this for functions which it implements
|     to always fail with ENOSYS.  Some functions are actually named
|     something starting with __ and the normal name is an alias.  */
| #if defined __stub_shl_load || defined __stub___shl_load
| choke me
| #endif
| 
| int
| main ()
| {
| return shl_load ();
|   ;
|   return 0;
| }
configure:10744: result: no
configure:10748: checking for shl_load in -ldld
configure:10773: cc -o conftest -g -O2   conftest.c -ldld   >&5
ld: error: unable to find library -ldld
cc: error: linker command failed with exit code 1 (use -v to see invocation)
configure:10773: $? = 1
configure: failed program was:
| /* confdefs.h */
| #define PACKAGE_NAME "safefree"
| #define PACKAGE_TARNAME "safefree"
| #define PACKAGE_VERSION "1.0"
| #define PACKAGE_STRING "safefree 1.0"
| #define PACKAGE_BUGREPORT "gabor.zelenak@me.com"
| #define PACKAGE_URL ""
| #define STDC_HEADERS 1
| #define HAVE_SYS_TYPES_H 1
| #define HAVE_SYS_STAT_H 1
| #define HAVE_STDLIB_H 1
| #define HAVE_STRING_H 1
| #define HAVE_MEMORY_H 1
| #define HAVE_STRINGS_H 1
| #define HAVE_INTTYPES_H 1
| #define HAVE_STDINT_H 1
| #define HAVE_UNISTD_H 1
| #define HAVE_DLFCN_H 1
| #define LT_OBJDIR ".libs/"
| /* end confdefs.h.  */
| 
| /* Override any GCC internal prototype to avoid an error.
|    Use char because int might match the return type of a GCC
|    builtin and then its argument prototype would still apply.  */
| #ifdef __cplusplus
| extern "C"
| #endif
| char shl_load ();
| int
| main ()
| {
| return shl_load ();
|   ;
|   return 0;
| }
configure:10782: result: no
configure:10787: checking for dlopen
configure:10787: cc -o conftest -g -O2   conftest.c  >&5
configure:10787: $? = 0
configure:10787: result: yes
configure:10944: checking whether a program can dlopen itself
configure:11024: cc -o conftest -g -O2  -DHAVE_DLFCN_H  -Wl,--export-dynamic conftest.c   >&5
configure:11027: $? = 0
configure:11045: result: yes
configure:11050: checking whether a statically linked program can dlopen itself
configure:11130: cc -o conftest -g -O2  -DHAVE_DLFCN_H  -Wl,--export-dynamic -static conftest.c   >&5
configure:11133: $? = 0
configure:11151: result: no
configure:11190: checking whether stripping libraries is possible
configure:11212: result: no
configure:11230: checking if libtool supports shared libraries
configure:11232: result: yes
configure:11235: checking whether to build shared libraries
configure:11260: result: yes
configure:11263: checking whether to build static libraries
configure:11267: result: yes
configure:11319: checking for a BSD-compatible install
configure:11387: result: /usr/bin/install -c
configure:11400: checking whether build environment is sane
configure:11455: result: yes
configure:11485: WARNING: 'missing' script is too old or missing
configure:11598: checking for a thread-safe mkdir -p
configure:11637: result: ./install-sh -c -d
configure:11640: checking whether make sets $(MAKE)
configure:11662: result: yes
configure:11684: checking whether make supports the include directive
configure:11699: make -f confmf.GNU && cat confinc.out
this is the am__doit target
configure:11702: $? = 0
configure:11721: result: yes (GNU style)
configure:11754: checking whether make supports nested variables
configure:11771: result: yes
configure:11856: checking dependency style of cc
configure:11967: result: gcc3
configure:12042: checking for main in -lc
configure:12061: cc -o conftest -g -O2   conftest.c -lc   >&5
configure:12061: $? = 0
configure:12070: result: yes
configure:12082: checking for main in -lm
configure:12101: cc -o conftest -g -O2   conftest.c -lm  -lc  >&5
configure:12101: $? = 0
configure:12110: result: yes
configure:12122: checking for main in -lpthread
configure:12141: cc -o conftest -g -O2   conftest.c -lpthread  -lm -lc  >&5
configure:12141: $? = 0
configure:12150: result: yes
configure:12165: checking for stdlib.h
configure:12165: result: yes
configure:12291: checking that generated files are newer than configure
configure:12297: result: done
configure:12320: creating ./config.status

## ---------------------- ##
## Running config.status. ##
## ---------------------- ##

This file was extended by safefree config.status 1.0, which was
generated by GNU Autoconf 2.69.  Invocation command line was

  CONFIG_FILES    = 
  CONFIG_HEADERS  = 
  CONFIG_LINKS    = 
  CONFIG_COMMANDS = 
  $ ./config.status 

on fujitsu

config.status:1088: creating Makefile
config.status:1088: creating src/Makefile
config.status:1088: creating config.h
config.status:1269: config.h is unchanged
config.status:1317: executing libtool commands
config.status:1317: executing depfiles commands
config.status:1935: cd src       && sed -e '/# am--include-marker/d' Makefile         | make -f - am--depfiles
config.status:1942: $? = 0

## ---------------- ##
## Cache variables. ##
## ---------------- ##

ac_cv_build=amd64-unknown-freebsd13.0
ac_cv_c_compiler_gnu=yes
ac_cv_env_CC_set=''
ac_cv_env_CC_value=''
ac_cv_env_CFLAGS_set=''
ac_cv_env_CFLAGS_value=''
ac_cv_env_CPPFLAGS_set=''
ac_cv_env_CPPFLAGS_value=''
ac_cv_env_CPP_set=''
ac_cv_env_CPP_value=''
ac_cv_env_LDFLAGS_set=''
ac_cv_env_LDFLAGS_value=''
ac_cv_env_LIBS_set=''
ac_cv_env_LIBS_value=''
ac_cv_env_LT_SYS_LIBRARY_PATH_set=''
ac_cv_env_LT_SYS_LIBRARY_PATH_value=''
ac_cv_env_build_alias_set=''
ac_cv_env_build_alias_value=''
ac_cv_env_host_alias_set=''
ac_cv_env_host_alias_value=''
ac_cv_env_target_alias_set=''
ac_cv_env_target_alias_value=''
ac_cv_func_dlopen=yes
ac_cv_func_shl_load=no
ac_cv_header_dlfcn_h=yes
ac_cv_header_inttypes_h=yes
ac_cv_header_memory_h=yes
ac_cv_header_stdc=yes
ac_cv_header_stdint_h=yes
ac_cv_header_stdlib_h=yes
ac_cv_header_string_h=yes
ac_cv_header_strings_h=yes
ac_cv_header_sys_stat_h=yes
ac_cv_header_sys_types_h=yes
ac_cv_header_unistd_h=yes
ac_cv_host=amd64-unknown-freebsd13.0
ac_cv_lib_c_main=yes
ac_cv_lib_dld_shl_load=no
ac_cv_lib_m_main=yes
ac_cv_lib_pthread_main=yes
ac_cv_objext=o
ac_cv_path_EGREP='/usr/bin/grep -E'
ac_cv_path_FGREP='/usr/bin/grep -F'
ac_cv_path_GREP=/usr/bin/grep
ac_cv_path_SED=/usr/local/bin/gsed
ac_cv_path_install='/usr/bin/install -c'
ac_cv_path_lt_DD=/bin/dd
ac_cv_prog_AWK=nawk
ac_cv_prog_CPP='cc -E'
ac_cv_prog_ac_ct_AR=ar
ac_cv_prog_ac_ct_CC=cc
ac_cv_prog_ac_ct_MANIFEST_TOOL=mt
ac_cv_prog_ac_ct_OBJDUMP=objdump
ac_cv_prog_ac_ct_RANLIB=ranlib
ac_cv_prog_ac_ct_STRIP=strip
ac_cv_prog_cc_c89=''
ac_cv_prog_cc_c99=''
ac_cv_prog_cc_cc_c_o=yes
ac_cv_prog_cc_g=yes
ac_cv_prog_make_make_set=yes
am_cv_CC_dependencies_compiler_type=gcc3
am_cv_make_support_nested_variables=yes
am_cv_prog_cc_c_o=yes
lt_cv_ar_at_file=no
lt_cv_archive_cmds_need_lc=no
lt_cv_deplibs_check_method=pass_all
lt_cv_dlopen=dlopen
lt_cv_dlopen_libs=''
lt_cv_dlopen_self=yes
lt_cv_dlopen_self_static=no
lt_cv_file_magic_cmd='$MAGIC_CMD'
lt_cv_file_magic_test_file=''
lt_cv_ld_reload_flag=-r
lt_cv_nm_interface='BSD nm'
lt_cv_objdir=.libs
lt_cv_path_LD=/usr/bin/ld
lt_cv_path_NM='/usr/local/bin/nm -B'
lt_cv_path_mainfest_tool=no
lt_cv_prog_compiler_c_o=yes
lt_cv_prog_compiler_pic='-fPIC -DPIC'
lt_cv_prog_compiler_pic_works=yes
lt_cv_prog_compiler_rtti_exceptions=yes
lt_cv_prog_compiler_static_works=yes
lt_cv_prog_gnu_ld=yes
lt_cv_sharedlib_from_linklib_cmd='printf %s\n'
lt_cv_sys_global_symbol_pipe=$'sed -n -e \'s/^.*[\t ]\\([ABCDGIRSTW][ABCDGIRSTW]*\\)[\t ][\t ]*\\([_A-Za-z][_A-Za-z0-9]*\\)$/\\1 \\2 \\2/p\' | sed \'/ __gnu_lto/d\''
lt_cv_sys_global_symbol_to_c_name_address=$'sed -n -e \'s/^: \\(.*\\) .*$/  {"\\1", (void *) 0},/p\' -e \'s/^[ABCDGIRSTW][ABCDGIRSTW]* .* \\(.*\\)$/  {"\\1", (void *) \\&\\1},/p\''
lt_cv_sys_global_symbol_to_c_name_address_lib_prefix=$'sed -n -e \'s/^: \\(.*\\) .*$/  {"\\1", (void *) 0},/p\' -e \'s/^[ABCDGIRSTW][ABCDGIRSTW]* .* \\(lib.*\\)$/  {"\\1", (void *) \\&\\1},/p\' -e \'s/^[ABCDGIRSTW][ABCDGIRSTW]* .* \\(.*\\)$/  {"lib\\1", (void *) \\&\\1},/p\''
lt_cv_sys_global_symbol_to_cdecl=$'sed -n -e \'s/^T .* \\(.*\\)$/extern int \\1();/p\' -e \'s/^[ABCDGIRSTW][ABCDGIRSTW]* .* \\(.*\\)$/extern char \\1;/p\''
lt_cv_sys_global_symbol_to_import=''
lt_cv_sys_max_cmd_len=393216
lt_cv_to_host_file_cmd=func_convert_file_noop
lt_cv_to_tool_file_cmd=func_convert_file_noop
lt_cv_truncate_bin='/bin/dd bs=4096 count=1'

## ----------------- ##
## Output variables. ##
## ----------------- ##

ACLOCAL='aclocal-1.16'
AMDEPBACKSLASH='\'
AMDEP_FALSE='#'
AMDEP_TRUE=''
AMTAR='$${TAR-tar}'
AM_BACKSLASH='\'
AM_DEFAULT_V='$(AM_DEFAULT_VERBOSITY)'
AM_DEFAULT_VERBOSITY='1'
AM_V='$(V)'
AR='ar'
AUTOCONF='autoconf'
AUTOHEADER='autoheader'
AUTOMAKE='automake-1.16'
AWK='nawk'
CC='cc'
CCDEPMODE='depmode=gcc3'
CFLAGS='-g -O2'
CPP='cc -E'
CPPFLAGS=''
CSCOPE='cscope'
CTAGS='ctags'
CYGPATH_W='echo'
DEFS='-DHAVE_CONFIG_H'
DEPDIR='.deps'
DLLTOOL='false'
DSYMUTIL=''
DUMPBIN=''
ECHO_C=''
ECHO_N='-n'
ECHO_T=''
EGREP='/usr/bin/grep -E'
ETAGS='etags'
EXEEXT=''
FGREP='/usr/bin/grep -F'
GREP='/usr/bin/grep'
INSTALL_DATA='${INSTALL} -m 644'
INSTALL_PROGRAM='${INSTALL}'
INSTALL_SCRIPT='${INSTALL}'
INSTALL_STRIP_PROGRAM='$(install_sh) -c -s'
LD='/usr/bin/ld'
LDFLAGS=''
LIBOBJS=''
LIBS='-lpthread -lm -lc '
LIBTOOL='$(SHELL) $(top_builddir)/libtool'
LIPO=''
LN_S='ln -s'
LTLIBOBJS=''
LT_SYS_LIBRARY_PATH=''
MAKEINFO='makeinfo'
MANIFEST_TOOL=':'
MKDIR_P='./install-sh -c -d'
NM='/usr/local/bin/nm -B'
NMEDIT=''
OBJDUMP='objdump'
OBJEXT='o'
OTOOL64=''
OTOOL=''
PACKAGE='safefree'
PACKAGE_BUGREPORT='gabor.zelenak@me.com'
PACKAGE_NAME='safefree'
PACKAGE_STRING='safefree 1.0'
PACKAGE_TARNAME='safefree'
PACKAGE_URL=''
PACKAGE_VERSION='1.0'
PATH_SEPARATOR=':'
RANLIB='ranlib'
SED='/usr/local/bin/gsed'
SET_MAKE=''
SHELL='/bin/sh'
STRIP='strip'
VERSION='1.0'
ac_ct_AR='ar'
ac_ct_CC='cc'
ac_ct_DUMPBIN=''
am__EXEEXT_FALSE=''
am__EXEEXT_TRUE='#'
am__fastdepCC_FALSE='#'
am__fastdepCC_TRUE=''
am__include='include'
am__isrc=''
am__leading_dot='.'
am__nodep='_no'
am__quote=''
am__tar='$${TAR-tar} chof - "$$tardir"'
am__untar='$${TAR-tar} xf -'
bindir='${exec_prefix}/bin'
build='amd64-unknown-freebsd13.0'
build_alias=''
build_cpu='amd64'
build_os='freebsd13.0'
build_vendor='unknown'
datadir='${datarootdir}'
datarootdir='${prefix}/share'
docdir='${datarootdir}/doc/${PACKAGE_TARNAME}'
dvidir='${docdir}'
exec_prefix='${prefix}'
host='amd64-unknown-freebsd13.0'
host_alias=''
host_cpu='amd64'
host_os='freebsd13.0'
host_vendor='unknown'
htmldir='${docdir}'
includedir='${prefix}/include'
infodir='${datarootdir}/info'
install_sh='${SHELL} /home/system/src/C/sftest/install-sh'
libdir='${exec_prefix}/lib'
libexecdir='${exec_prefix}/libexec'
localedir='${datarootdir}/locale'
localstatedir='${prefix}/var'
mandir='${datarootdir}/man'
mkdir_p='$(MKDIR_P)'
oldincludedir='/usr/include'
pdfdir='${docdir}'
prefix='/usr/local'
program_transform_name='s,x,x,'
psdir='${docdir}'
sbindir='${exec_prefix}/sbin'
sharedstatedir='${prefix}/com'
sysconfdir='${prefix}/etc'
target_alias=''

## ----------- ##
## confdefs.h. ##
## ----------- ##

/* confdefs.h */
#define PACKAGE_NAME "safefree"
#define PACKAGE_TARNAME "safefree"
#define PACKAGE_VERSION "1.0"
#define PACKAGE_STRING "safefree 1.0"
#define PACKAGE_BUGREPORT "gabor.zelenak@me.com"
#define PACKAGE_URL ""
#define STDC_HEADERS 1
#define HAVE_SYS_TYPES_H 1
#define HAVE_SYS_STAT_H 1
#define HAVE_STDLIB_H 1
#define HAVE_STRING_H 1
#define HAVE_MEMORY_H 1
#define HAVE_STRINGS_H 1
#define HAVE_INTTYPES_H 1
#define HAVE_STDINT_H 1
#define HAVE_UNISTD_H 1
#define HAVE_DLFCN_H 1
#define LT_OBJDIR ".libs/"
#define PACKAGE "safefree"
#define VERSION "1.0"
#define HAVE_LIBC 1
#define HAVE_LIBM 1
#define HAVE_LIBPTHREAD 1
#define HAVE_STDLIB_H 1

configure: exit 0
